

  Data for ANEOS number  -1   library number    0  type 99     ver 09/30/13

  Forsterite STS SLGDF2.0                                 RHUG= 3.22000D+00
                                                          THUG= 3.70000D-02

  IN( 1)= 3.000000000D+00  IN(17)= 2.500000000D+00  IN(33)= 0.000000000D+00
  IN( 2)= 4.000000000D+00  IN(18)= 0.000000000D+00  IN(34)= 0.000000000D+00
  IN( 3)= 2.900000000D+00  IN(19)= 0.000000000D+00  IN(35)= 0.000000000D+00
  IN( 4)= 2.163000000D+03  IN(20)= 0.000000000D+00  IN(36)= 2.000000000D+00
  IN( 5)= 1.000000000D+06  IN(21)= 0.000000000D+00  IN(37)= 4.250000000D+00
  IN( 6)= 7.000000000D+11  IN(22)= 0.000000000D+00  IN(38)= 2.000000000D+00
  IN( 7)= 7.500000000D-01  IN(23)= 1.000000000D+10  IN(39)= 1.500000000D-08
  IN( 8)=-1.200000000D+03  IN(24)= 9.400000000D-01  IN(40)= 1.000000000D+00
  IN( 9)=-1.000000000D+00  IN(25)= 0.000000000D+00  IN(41)= 2.000000000D+03
  IN(10)= 5.500000000D+00  IN(26)= 0.000000000D+00  IN(42)= 1.000000000D+00
  IN(11)= 1.830000000D+11  IN(27)= 3.000000000D-01  IN(43)= 1.650000000D+00
  IN(12)= 2.163000000D+03  IN(28)= 1.000000000D-01  IN(44)= 1.350000000D+00
  IN(13)= 0.000000000D+00  IN(29)= 2.000000000D-01  IN(45)= 1.000000000D-30
  IN(14)= 0.000000000D+00  IN(30)= 0.000000000D+00  IN(46)= 1.000000000D+05
  IN(15)= 0.000000000D+00  IN(31)=-8.000000000D-01  IN(47)= 0.000000000D+00
  IN(16)= 0.000000000D+00  IN(32)= 5.000000000D-01  IN(48)= 0.000000000D+00

  N0= 0.29956D+23 Mean atomic weight= 0.20106D+02
  Z( 1)=  8.  number fraction( 1)= 5.71000D-01  atoms/gram( 1)= 1.71051D+22
  Z( 2)= 12.  number fraction( 2)= 2.86000D-01  atoms/gram( 2)= 8.56753D+21
  Z( 3)= 14.  number fraction( 3)= 1.43000D-01  atoms/gram( 3)= 4.28377D+21


NEW: Cv adjust, QCC1, QCC6=   0.135000D+01   0.100000D-29   0.100000D+06


 WARNING message from ANEOS package - eos number    -1

 IN(17) has been increased from 2.50000D+00 to 2.53671D+00 for the melt transition



  REFERENCE POINT CONDITIONS

  T=   1.863749D-01      RHO=    2.900000D+00      P=   9.999999D+05
  E=   2.900008D+10      DPDT=   3.893945D+11      CV=  1.843486D+11
  S=   3.583965D+11      DPDR=   2.413793D+11      B0=  7.000000D+11
  CS=  5.095164D+05      GAMMA=  7.283700D-01


  TWO-PHASE CALCULATION FOR MATERIAL     1

  CRITICAL POINT
  RHO=  5.3379201D-01       T=  5.5896970D-01         P=  2.4289812D+09
  E=  1.9206319D+11         S=  7.8807683D+11         NTY=  127


  TWO-PHASE BOUNDARIES
       T         RHOLIQ        RHOVAP        PLIQ         PVAP        ELIQ         EVAP         SLIQ         SVAP        GLIQ         GVAP         PSILIQ      PSIVAP         NTY
       K         kg/m**3       kg/m**3       GPa          GPa         J/kg         J/kg        J/kg-K       J/kg-K       J/kg         J/kg

  6.48720D+03  5.33792D+02  5.33792D+02  2.42898D-01  2.42898D-01  1.92063D+07  1.92063D+07  6.79086D+03  6.79086D+03 -2.43897D+07 -2.43897D+07  1.27908D-01  1.27908D-01      0
  6.41513D+03  8.38103D+02  2.94985D+02  2.16380D-01  2.16380D-01  1.69914D+07  2.10940D+07  6.42354D+03  7.13720D+03 -2.39559D+07 -2.39559D+07  7.98956D-02  1.49202D-01     11
  6.34306D+03  9.86982D+02  2.29016D+02  1.93689D-01  1.93689D-01  1.59755D+07  2.16247D+07  6.25861D+03  7.25167D+03 -2.35247D+07 -2.35247D+07  6.79854D-02  1.61076D-01     10
  6.27099D+03  1.10184D+03  1.85461D+02  1.73240D-01  1.73240D-01  1.52135D+07  2.19709D+07  6.13479D+03  7.33632D+03 -2.30983D+07 -2.30983D+07  6.01995D-02  1.69252D-01      9
  6.19892D+03  1.19858D+03  1.53648D+02  1.54809D-01  1.54809D-01  1.45840D+07  2.22160D+07  6.03197D+03  7.40493D+03 -2.26764D+07 -2.26764D+07  5.44366D-02  1.75304D-01      9
  6.12685D+03  1.28318D+03  1.29136D+02  1.38196D-01  1.38196D-01  1.40414D+07  2.23955D+07  5.94267D+03  7.46337D+03 -2.22586D+07 -2.22586D+07  4.99114D-02  1.79943D-01      8
  6.05478D+03  1.35879D+03  1.09610D+02  1.23222D-01  1.23222D-01  1.35616D+07  2.25283D+07  5.86300D+03  7.51473D+03 -2.18449D+07 -2.18449D+07  4.62249D-02  1.83564D-01      8
  5.98271D+03  1.42735D+03  9.36959D+01  1.09729D-01  1.09729D-01  1.31298D+07  2.26261D+07  5.79062D+03  7.56091D+03 -2.14349D+07 -2.14349D+07  4.31424D-02  1.86415D-01      8
  5.91064D+03  1.49017D+03  8.05091D+01  9.75747D-02  9.75747D-02  1.27362D+07  2.26963D+07  5.72395D+03  7.60313D+03 -2.10286D+07 -2.10286D+07  4.05136D-02  1.88667D-01      7
  5.83857D+03  1.54820D+03  6.94447D+01  8.66315D-02  8.66315D-02  1.23739D+07  2.27442D+07  5.66191D+03  7.64228D+03 -2.06257D+07 -2.06257D+07  3.82362D-02  1.90442D-01      7
  5.76650D+03  1.60215D+03  6.00705D+01  7.67856D-02  7.67856D-02  1.20376D+07  2.27738D+07  5.60367D+03  7.67898D+03 -2.02262D+07 -2.02262D+07  3.62375D-02  1.91830D-01      7
  5.69443D+03  1.65258D+03  5.20673D+01  6.79344D-02  6.79344D-02  1.17233D+07  2.27880D+07  5.54861D+03  7.71371D+03 -1.98299D+07 -1.98299D+07  3.44642D-02  1.92900D-01      7
  5.62236D+03  1.69993D+03  4.51928D+01  5.99852D-02  5.99852D-02  1.14280D+07  2.27890D+07  5.49625D+03  7.74687D+03 -1.94368D+07 -1.94368D+07  3.28761D-02  1.93708D-01      7
  5.55029D+03  1.74456D+03  3.92588D+01  5.28542D-02  5.28542D-02  1.11491D+07  2.27787D+07  5.44619D+03  7.77875D+03 -1.90468D+07 -1.90468D+07  3.14423D-02  1.94298D-01      6
  5.47822D+03  1.78676D+03  3.41165D+01  4.64657D-02  4.64657D-02  1.08845D+07  2.27586D+07  5.39811D+03  7.80962D+03 -1.86598D+07 -1.86598D+07  3.01384D-02  1.94704D-01      6
  5.40615D+03  1.82679D+03  2.96465D+01  4.07505D-02  4.07505D-02  1.06326D+07  2.27298D+07  5.35174D+03  7.83968D+03 -1.82757D+07 -1.82757D+07  2.89452D-02  1.94957D-01      6
  5.33408D+03  1.86485D+03  2.57514D+01  3.56461D-02  3.56461D-02  1.03920D+07  2.26934D+07  5.30686D+03  7.86913D+03 -1.78945D+07 -1.78945D+07  2.78470D-02  1.95081D-01      6
  5.26201D+03  1.90113D+03  2.23510D+01  3.10953D-02  3.10953D-02  1.01614D+07  2.26503D+07  5.26329D+03  7.89813D+03 -1.75161D+07 -1.75161D+07  2.68310D-02  1.95096D-01      6
  5.18994D+03  1.93579D+03  1.93786D+01  2.70461D-02  2.70461D-02  9.93984D+06  2.26012D+07  5.22085D+03  7.92683D+03 -1.71405D+07 -1.71405D+07  2.58866D-02  1.95021D-01      5
  5.11787D+03  1.96895D+03  1.67780D+01  2.34509D-02  2.34508D-02  9.72645D+06  2.25468D+07  5.17941D+03  7.95536D+03 -1.67677D+07 -1.67677D+07  2.50051D-02  1.94870D-01      5
  5.04580D+03  2.00073D+03  1.45017D+01  2.02661D-02  2.02661D-02  9.52045D+06  2.24876D+07  5.13885D+03  7.98385D+03 -1.63975D+07 -1.63975D+07  2.41790D-02  1.94657D-01      5
  4.97373D+03  2.03126D+03  1.25093D+01  1.74522D-02  1.74522D-02  9.32119D+06  2.24241D+07  5.09906D+03  8.01242D+03 -1.60301D+07 -1.60301D+07  2.34020D-02  1.94391D-01      5
  4.90166D+03  2.06060D+03  1.07659D+01  1.49726D-02  1.49726D-02  9.12808D+06  2.23569D+07  5.05993D+03  8.04120D+03 -1.56653D+07 -1.56653D+07  2.26688D-02  1.94084D-01      5
  4.82959D+03  2.08886D+03  9.24147D+00  1.27941D-02  1.27941D-02  8.94060D+06  2.22864D+07  5.02138D+03  8.07028D+03 -1.53031D+07 -1.53031D+07  2.19747D-02  1.93745D-01      5
  4.75752D+03  2.11610D+03  7.90990D+00  1.08862D-02  1.08862D-02  8.75830D+06  2.22129D+07  4.98334D+03  8.09979D+03 -1.49435D+07 -1.49435D+07  2.13159D-02  1.93380D-01      5
  4.68545D+03  2.14238D+03  6.74842D+00  9.22097D-03  9.22097D-03  8.58079D+06  2.21368D+07  4.94574D+03  8.12984D+03 -1.45866D+07 -1.45866D+07  2.06888D-02  1.92997D-01      5
  4.61338D+03  2.16778D+03  5.73708D+00  7.78321D-03  7.77293D-03  8.40769D+06  2.20585D+07  4.90850D+03  8.16055D+03 -1.42322D+07 -1.42322D+07  2.00903D-02  1.92602D-01      4
  4.54131D+03  2.19235D+03  4.85832D+00  6.52453D-03  6.51871D-03  8.23869D+06  2.19783D+07  4.87157D+03  8.19203D+03 -1.38804D+07 -1.38804D+07  1.95180D-02  1.92200D-01      4
  4.46924D+03  2.21613D+03  4.09664D+00  5.44024D-03  5.43700D-03  8.07349D+06  2.18965D+07  4.83490D+03  8.22443D+03 -1.35311D+07 -1.35311D+07  1.89693D-02  1.91798D-01      4
  4.39717D+03  2.23916D+03  3.43833D+00  4.51014D-03  4.50836D-03  7.91183D+06  2.18135D+07  4.79843D+03  8.25787D+03 -1.31845D+07 -1.31845D+07  1.84424D-02  1.91399D-01      4
  4.32510D+03  2.26150D+03  2.87121D+00  3.71602D-03  3.71507D-03  7.75347D+06  2.17295D+07  4.76212D+03  8.29249D+03 -1.28403D+07 -1.28403D+07  1.79352D-02  1.91008D-01      4
  4.25303D+03  2.28318D+03  2.38443D+00  3.04149D-03  3.04099D-03  7.59820D+06  2.16450D+07  4.72591D+03  8.32844D+03 -1.24988D+07 -1.24988D+07  1.74463D-02  1.90630D-01      4
  4.18096D+03  2.30424D+03  1.96833D+00  2.47176D-03  2.47150D-03  7.44582D+06  2.15601D+07  4.68978D+03  8.36590D+03 -1.21597D+07 -1.21597D+07  1.69741D-02  1.90269D-01      4
  4.10889D+03  2.32470D+03  1.61429D+00  1.99347D-03  1.99334D-03  7.29615D+06  2.14753D+07  4.65367D+03  8.40504D+03 -1.18233D+07 -1.18233D+07  1.65173D-02  1.89928D-01      4
  4.03682D+03  2.34460D+03  1.31458D+00  1.59461D-03  1.59455D-03  7.14903D+06  2.13908D+07  4.61754D+03  8.44604D+03 -1.14894D+07 -1.14894D+07  1.60747D-02  1.89611D-01      4
  3.96475D+03  2.36396D+03  1.06230D+00  1.26434D-03  1.26434D-03  7.00431D+06  2.13071D+07  4.58136D+03  8.48914D+03 -1.11581D+07 -1.11581D+07  1.56454D-02  1.89323D-01      5
  3.89268D+03  2.38281D+03  8.51279D-01  9.93067D-04  9.93067D-04  6.86185D+06  2.12244D+07  4.54510D+03  8.53455D+03 -1.08293D+07 -1.08293D+07  1.52282D-02  1.89066D-01      5
  3.82061D+03  2.40118D+03  6.75995D-01  7.72087D-04  7.72080D-04  6.72151D+06  2.11433D+07  4.50871D+03  8.58253D+03 -1.05032D+07 -1.05032D+07  1.48224D-02  1.88846D-01      4
  3.74854D+03  2.41908D+03  5.31511D-01  5.93714D-04  5.93711D-04  6.58320D+06  2.10640D+07  4.47216D+03  8.63338D+03 -1.01797D+07 -1.01797D+07  1.44272D-02  1.88665D-01      4
  3.67647D+03  2.43654D+03  4.13423D-01  4.51168D-04  4.51168D-04  6.44679D+06  2.09870D+07  4.43542D+03  8.68740D+03 -9.85876D+06 -9.85876D+06  1.40418D-02  1.88529D-01      5
  3.60440D+03  2.45357D+03  3.17811D-01  3.38487D-04  3.38487D-04  6.31220D+06  2.09129D+07  4.39844D+03  8.74494D+03 -9.54049D+06 -9.54049D+06  1.36656D-02  1.88441D-01      5
  3.53233D+03  2.47019D+03  2.41197D-01  2.50457D-04  2.50457D-04  6.17932D+06  2.08420D+07  4.36120D+03  8.80640D+03 -9.22489D+06 -9.22489D+06  1.32979D-02  1.88406D-01      5
  3.46026D+03  2.48643D+03  1.80505D-01  1.82565D-04  1.82565D-04  6.04808D+06  2.07750D+07  4.32366D+03  8.87221D+03 -8.91198D+06 -8.91198D+06  1.29382D-02  1.88428D-01      5
  3.38819D+03  2.50229D+03  1.33034D-01  1.30933D-04  1.30933D-04  5.91839D+06  2.07124D+07  4.28579D+03  8.94286D+03 -8.60178D+06 -8.60178D+06  1.25861D-02  1.88513D-01      5
  3.33054D+03  2.51469D+03  1.03745D-01  1.00000D-04  1.00000D-04  5.81584D+06  2.06663D+07  4.25519D+03  9.00368D+03 -8.35582D+06 -8.35582D+06  1.23100D-02  1.88634D-01      0
  3.31612D+03  2.51779D+03  9.64198D-02  9.22639D-05  9.22639D-05  5.79019D+06  2.06548D+07  4.24754D+03  9.01889D+03 -8.29431D+06 -8.29431D+06  1.22410D-02  1.88665D-01      5
  3.24405D+03  2.53295D+03  6.86153D-02  6.37849D-05  6.37849D-05  5.66341D+06  2.06029D+07  4.20888D+03  9.10090D+03 -7.98961D+06 -7.98961D+06  1.19025D-02  1.88888D-01      5
  3.17198D+03  2.54777D+03  4.78601D-02  4.31908D-05  4.31908D-05  5.53798D+06  2.05574D+07  4.16978D+03  9.18959D+03 -7.68771D+06 -7.68771D+06  1.15702D-02  1.89189D-01      6
  3.09991D+03  2.56227D+03  3.26589D-02  2.85940D-05  2.85940D-05  5.41385D+06  2.05190D+07  4.13020D+03  9.28571D+03 -7.38864D+06 -7.38864D+06  1.12436D-02  1.89571D-01      6
  3.02784D+03  2.57646D+03  2.17572D-02  1.84725D-05  1.84725D-05  5.29097D+06  2.04887D+07  4.09009D+03  9.39011D+03 -7.09244D+06 -7.09244D+06  1.09226D-02  1.90038D-01      6
  2.95577D+03  2.59036D+03  1.41187D-02  1.16204D-05  1.16204D-05  5.16929D+06  2.04671D+07  4.04941D+03  9.50375D+03 -6.79915D+06 -6.79915D+06  1.06067D-02  1.90594D-01      6
  2.88370D+03  2.60397D+03  8.90253D-03  7.10195D-06  7.10195D-06  5.04877D+06  2.04552D+07  4.00813D+03  9.62769D+03 -6.50881D+06 -6.50881D+06  1.02957D-02  1.91240D-01      7
  2.84767D+03  2.61066D+03  6.98777D-03  5.48810D-06  5.48810D-06  4.98892D+06  2.04532D+07  3.98725D+03  9.69388D+03 -6.36476D+06 -6.36476D+06  1.01418D-02  1.91597D-01      7
  2.81163D+03  2.61729D+03  5.44011D-03  4.20655D-06  4.20655D-06  4.92936D+06  2.04539D+07  3.96619D+03  9.76309D+03 -6.22147D+06 -6.22147D+06  9.98914D-03  1.91976D-01      7
  2.77560D+03  2.62385D+03  4.19918D-03  3.19702D-06  3.19702D-06  4.87006D+06  2.04575D+07  3.94497D+03  9.83550D+03 -6.07894D+06 -6.07894D+06  9.83751D-03  1.92376D-01      8
  2.73956D+03  2.63035D+03  3.21252D-03  2.40841D-06  2.40841D-06  4.81103D+06  2.04641D+07  3.92356D+03  9.91127D+03 -5.93717D+06 -5.93717D+06  9.68692D-03  1.92798D-01      8
  2.70353D+03  2.63678D+03  2.43494D-03  1.79774D-06  1.79774D-06  4.75225D+06  2.04738D+07  3.90196D+03  9.99060D+03 -5.79618D+06 -5.79618D+06  9.53733D-03  1.93240D-01      8
  2.66749D+03  2.64315D+03  1.82775D-03  1.32916D-06  1.32916D-06  4.69374D+06  2.04867D+07  3.88017D+03  1.00737D+04 -5.65598D+06 -5.65598D+06  9.38872D-03  1.93700D-01      7
  2.63146D+03  2.64945D+03  1.35819D-03  9.73014D-07  9.73014D-07  4.63548D+06  2.05029D+07  3.85818D+03  1.01607D+04 -5.51656D+06 -5.51656D+06  9.24105D-03  1.94177D-01      6
  2.59542D+03  2.65569D+03  9.98700D-04  7.04995D-07  7.04995D-07  4.57747D+06  2.05225D+07  3.83598D+03  1.02519D+04 -5.37794D+06 -5.37794D+06  9.09430D-03  1.94670D-01      8
  2.55939D+03  2.66187D+03  7.26373D-04  5.05367D-07  5.05367D-07  4.51971D+06  2.05456D+07  3.81357D+03  1.03474D+04 -5.24012D+06 -5.24012D+06  8.94844D-03  1.95174D-01      5
  2.52335D+03  2.66798D+03  5.22332D-04  3.58267D-07  3.58267D-07  4.46220D+06  2.05723D+07  3.79094D+03  1.04476D+04 -5.10311D+06 -5.10311D+06  8.80345D-03  1.95689D-01      5
  2.48732D+03  2.67404D+03  3.71197D-04  2.51077D-07  2.51077D-07  4.40492D+06  2.06027D+07  3.76807D+03  1.05526D+04 -4.96692D+06 -4.96692D+06  8.65929D-03  1.96209D-01      5
  2.45128D+03  2.68004D+03  2.60578D-04  1.73869D-07  1.73869D-07  4.34789D+06  2.06369D+07  3.74498D+03  1.06627D+04 -4.83156D+06 -4.83156D+06  8.51594D-03  1.96732D-01      6
  2.41525D+03  2.68598D+03  1.80614D-04  1.18922D-07  1.18922D-07  4.29109D+06  2.06748D+07  3.72163D+03  1.07781D+04 -4.69704D+06 -4.69704D+06  8.37337D-03  1.97253D-01      9
  2.37921D+03  2.69186D+03  1.23549D-04  8.03043D-08  8.03043D-08  4.23453D+06  2.07166D+07  3.69804D+03  1.08992D+04 -4.56337D+06 -4.56337D+06  8.23156D-03  1.97767D-01      9
  2.34318D+03  2.69769D+03  8.33683D-05  5.35118D-08  5.35118D-08  4.17820D+06  2.07622D+07  3.67418D+03  1.10261D+04 -4.43054D+06 -4.43054D+06  8.09049D-03  1.98269D-01      9
  2.30714D+03  2.70346D+03  5.54657D-05  3.51715D-08  3.51715D-08  4.12210D+06  2.08117D+07  3.65005D+03  1.11592D+04 -4.29859D+06 -4.29859D+06  7.95012D-03  1.98752D-01      8
  2.27111D+03  2.70918D+03  3.63661D-05  2.27904D-08  2.27904D-08  4.06624D+06  2.08650D+07  3.62564D+03  1.12988D+04 -4.16750D+06 -4.16750D+06  7.81045D-03  1.99210D-01      8
  2.23507D+03  2.71484D+03  2.34855D-05  1.45517D-08  1.45517D-08  4.01060D+06  2.09222D+07  3.60095D+03  1.14451D+04 -4.03730D+06 -4.03730D+06  7.67144D-03  1.99636D-01      6
  2.19904D+03  2.72044D+03  1.49317D-05  9.15058D-09  9.15058D-09  3.95519D+06  2.09830D+07  3.57595D+03  1.15984D+04 -3.90800D+06 -3.90800D+06  7.53308D-03  2.00025D-01      7
  2.16300D+03  2.72600D+03  9.34097D-06  5.67936D-10  5.66395D-09  3.90001D+06  2.10475D+07  3.55065D+03  1.17591D+04 -3.77960D+06 -3.77960D+06  7.39533D-03  2.00367D-01      9
  2.14137D+03  2.90299D+03  6.87144D-06  4.14429D-09  4.14430D-09  2.86309D+06  2.10986D+07  3.07115D+03  1.18691D+04 -3.71299D+06 -3.71299D+06  6.78794D-03  2.00268D-01      8
  2.06927D+03  2.91287D+03  2.35555D-06  1.39697D-09  1.39698D-09  2.74038D+06  2.12788D+07  3.01285D+03  1.22589D+04 -3.49367D+06 -3.49367D+06  6.54098D-03  1.99547D-01     10
  1.99717D+03  2.92256D+03  7.48252D-07  4.36879D-10  4.36876D-10  2.61825D+06  2.14714D+07  2.95278D+03  1.26856D+04 -3.27861D+06 -3.27861D+06  6.29537D-03  1.98143D-01     12
  1.92507D+03  2.93209D+03  2.19072D-07  1.25996D-10  1.26000D-10  2.49668D+06  2.16715D+07  2.89078D+03  1.31507D+04 -3.06795D+06 -3.06795D+06  6.05097D-03  1.95969D-01     11
  1.85297D+03  2.94145D+03  5.87441D-08  3.32832D-11  3.32783D-11  2.37568D+06  2.18726D+07  2.82671D+03  1.36550D+04 -2.86183D+06 -2.86183D+06  5.80767D-03  1.92982D-01     11
  1.78087D+03  2.95066D+03  1.43170D-08  7.97855D-12  7.98076D-12  2.25525D+06  2.20668D+07  2.76042D+03  1.41987D+04 -2.66041D+06 -2.66041D+06  5.56535D-03  1.89197D-01     10
  1.70877D+03  2.95971D+03  3.14165D-09  1.72321D-12  1.72012D-12  2.13539D+06  2.22457D+07  2.69171D+03  1.47817D+04 -2.46386D+06 -2.46386D+06  5.32390D-03  1.84694D-01      9
  1.63667D+03  2.96863D+03  6.13511D-10  3.31378D-13  3.29073D-13  2.01611D+06  2.24011D+07  2.62039D+03  1.54040D+04 -2.27235D+06 -2.27235D+06  5.08323D-03  1.79619D-01     10
  1.56457D+03  2.97740D+03  1.05091D-10  5.74946D-14  5.50386D-14  1.89745D+06  2.25266D+07  2.54624D+03  1.60670D+04 -2.08609D+06 -2.08609D+06  4.84324D-03  1.74169D-01     11
  1.49247D+03  2.98603D+03  1.55101D-11  4.97103D-15  7.90105D-15  1.77942D+06  2.26184D+07  2.46900D+03  1.67739D+04 -1.90528D+06 -1.90528D+06  4.60385D-03  1.68571D-01     13
  1.42037D+03  2.99453D+03  1.92922D-12  6.09159D-15  9.51899D-16  1.66206D+06  2.26757D+07  2.38840D+03  1.75311D+04 -1.73016D+06 -1.73016D+06  4.36499D-03  1.63065D-01     12
  1.34827D+03  3.00289D+03  1.96795D-13  2.32458D-16  9.36337D-17  1.54542D+06  2.27005D+07  2.30412D+03  1.83485D+04 -1.56098D+06 -1.56098D+06  4.12658D-03  1.57883D-01     14
  1.27617D+03  3.01112D+03  1.59160D-14  1.44124D-14  7.26843D-18  1.42956D+06  2.26968D+07  2.21581D+03  1.92396D+04 -1.39802D+06 -1.39802D+06  3.88858D-03  1.53239D-01     15
  1.20407D+03  3.01922D+03  9.78354D-16 -2.96831D-15  4.26766D-19  1.31457D+06  2.26699D+07  2.12306D+03  2.02224D+04 -1.24159D+06 -1.24159D+06  3.65093D-03  1.49338D-01     15
  1.13197D+03  3.02717D+03  4.33355D-17 -1.25170D-16  1.79643D-20  1.20055D+06  2.26252D+07  2.02540D+03  2.13196D+04 -1.09201D+06 -1.09201D+06  3.41362D-03  1.46377D-01     15
  1.05987D+03  3.03499D+03  1.29193D-18 -1.86563D-15  5.06192D-22  1.08762D+06  2.25682D+07  1.92232D+03  2.25604D+04 -9.49671D+05 -9.49671D+05  3.17664D-03  1.44567D-01     16
  9.87770D+02  3.04265D+03  2.37232D-20  9.59635D-16  8.73380D-24  9.75971D+05  2.25041D+07  1.81322D+03  2.39819D+04 -8.14974D+05 -8.14974D+05  2.94001D-03  1.44158D-01     16
  9.15670D+02  3.05015D+03  2.38636D-22 -3.21865D-15  8.20209D-26  8.65809D+05  2.24383D+07  1.69742D+03  2.56334D+04 -6.88380D+05 -6.88380D+05  2.70381D-03  1.45481D-01     15
  8.43570D+02  3.05748D+03  1.12284D-24  6.44028D-15  3.57749D-28  7.57433D+05  2.23764D+07  1.57415D+03  2.75813D+04 -5.70399D+05 -5.70399D+05  2.46814D-03  1.49015D-01     18
  7.71470D+02  3.06460D+03  1.98785D-27  3.54648D-15  5.82465D-31  6.51234D+05  2.23248D+07  1.44257D+03  2.99179D+04 -4.61600D+05 -4.61600D+05  2.23318D-03  1.55508D-01     18
  6.99370D+02  3.07150D+03  1.20089D-36 -3.18289D-15  3.47096D-40  5.47741D+05  2.89304D+07  1.30175D+03  4.23006D+04 -3.62615D+05 -3.62615D+05  1.99922D-03  1.00000+100     27
  6.27270D+02  3.07813D+03  1.49047D-41  1.19209D-16  3.86533D-45  4.47683D+05  2.88869D+07  1.15081D+03  4.69049D+04 -2.74141D+05 -2.74141D+05  1.76666D-03  1.00000+100     31
  5.55170D+02  3.08443D+03  9.61194D-48 -6.09457D-16  2.20655D-51  3.52083D+05  2.88426D+07  9.88983D+02  5.27240D+04 -1.96939D+05 -1.96939D+05  1.53608D-03  1.00000+100     42
  4.83070D+02  3.09030D+03  8.66743D-71 -3.39895D-15  8.65710D-75  2.62394D+05  1.85564D+07  8.16076D+02  3.88957D+04 -1.31805D+05 -1.31974D+05  1.30830D-03  1.00000+100     73
  4.10970D+02  3.09562D+03  9.25028D-85  6.55204D-15  7.86026D-89  1.80708D+05  1.85156D+07  6.33215D+02  4.54565D+04 -7.95094D+04 -7.95724D+04  1.08442D-03  1.00000+100     85
  3.38870D+02  3.10020D+03  1.02127-104  7.88271D-16  7.15558-109  1.10007D+05  1.84763D+07  4.44595D+02  5.48532D+04 -4.06444D+04 -4.06555D+04  8.65932D-04  1.00000+100     94
  2.66770D+02  3.10379D+03  1.00000D-97  7.90261D-10  5.51581-102  5.43077D+04  1.84381D+07  2.60918D+02  5.13981D+04 -4.06444D+04 -4.06555D+04  6.54700D-04  1.00000+100     35
  1.94670D+02  3.10612D+03  1.00000D-97  6.59383D-09  4.02505-102  1.79655D+04  1.84006D+07  1.04510D+02  5.12343D+04 -4.06444D+04 -4.06555D+04  4.53023D-04  1.00000+100     32


  DATA ARRAY FOR MATERIAL   1

  C( 1) = 1.000000000+100  C(31) = 1.000000000D+00  C(61) =-8.000000000D-01
  C( 2) = 0.000000000D+00  C(32) = 2.074071130D+13  C(62) = 5.000000000D-01
  C( 3) = 1.052205388D+12  C(33) = 2.574029837D+00  C(63) = 1.000000000D+00
  C( 4) = 4.789637066D+11  C(34) = 2.298671256D+13  C(64) = 0.000000000D+00
  C( 5) = 3.846837409D+00  C(35) =-5.162944797D+13  C(65) = 0.000000000D+00
  C( 6) = 1.650000000D+00  C(36) = 3.022375297D+13  C(66) = 2.000000000D+00
  C( 7) = 0.000000000D+00  C(37) = 3.714065159D+13  C(67) = 4.250000000D+00
  C( 8) = 0.000000000D+00  C(38) = 0.000000000D+00  C(68) = 2.000000000D+00
  C( 9) = 0.000000000D+00  C(39) = 0.000000000D+00  C(69) = 1.500000000D-08
  C(10) = 1.830000000D+11  C(40) = 0.000000000D+00  C(70) = 1.000000000D+00
  C(11) = 2.900000000D+00  C(41) = 0.000000000D+00  C(71) = 1.000000000D+00
  C(12) = 1.863749005D-01  C(42) = 1.000000000D-01  C(72) = 0.000000000D+00
  C(13) = 6.852096656D-05  C(43) =-2.883668744D+10  C(73) = 5.589696965D-01
  C(14) =-2.516976573D-02  C(44) =-1.367986124D+11  C(74) = 5.337920100D-01
  C(15) = 7.500000000D-01  C(45) = 1.371567432D+11  C(75) = 0.000000000D+00
  C(16) =-1.545778835D-01  C(46) = 2.899995857D+00  C(76) = 0.000000000D+00
  C(17) = 6.379310345D-01  C(47) = 2.725996106D+00  C(77) = 0.000000000D+00
  C(18) = 1.863749005D-01  C(48) = 1.377224603D+00  C(78) = 3.813113789D+00
  C(19) = 3.107230069D+00  C(49) = 1.337669566D-01  C(79) = 4.617520425D+01
  C(20) = 1.000000000D+06  C(50) = 9.890082632D-02  C(80) = 4.250000000D+00
  C(21) = 7.000000000D+11  C(51) = 4.330627108D-02  C(81) = 5.000000000D-01
  C(22) = 0.000000000D+00  C(52) = 7.910427657D-01  C(82) = 1.000000000D+00
  C(23) = 2.536711492D+00  C(53) = 0.000000000D+00  C(83) = 1.650000000D+00
  C(24) = 1.833333333D+00  C(54) = 0.000000000D+00  C(84) = 1.000000000D+00
  C(25) =-1.033980030D-01  C(55) = 0.000000000D+00  C(85) = 1.723300051D-01
  C(26) = 1.000200000D+01  C(56) = 0.000000000D+00  C(86) = 2.000000000D+00
  C(27) = 2.995641485D+22  C(57) = 3.000000000D-01  C(87) = 1.000000000D+00
  C(28) = 3.000000000D+00  C(58) = 1.000000000D-01  C(88) = 1.350000000D+00
  C(29) = 2.010638800D+01  C(59) = 2.000000000D-01  C(89) = 1.000000000D-30
  C(30) = 4.000000000D+00  C(60) = 0.000000000D+00  C(90) = 1.000000000D+05

  LOCKP( 1)=   1    LOCKPL( 1)= 100  (two-phase array storage data)


 BOUNDS OF LIQUID/SOLID PHASE TRANSITION
   ENTHALPY OF FUSION (ERG/GM)................... 1.00000D+10
   LOWER LIMIT OF METASTABLE LIQUID ACK(49)...... 1.55245D+03
   MELT TEMPERATURE (TRIPLE POINT) ACK(18)....... 2.16300D+03
   INTERMEDIATE TEMPERATURE ACK(52).............. 9.18056D+03
   MAXIMUM TEMPERATURE ACK(48)................... 1.59836D+04
   SLOPE OF LEFT  BOUNDARY, dT/dRHO ACK(50)...... 1.14781D+00
   SLOPE OF RIGHT BOUNDARY, dT/dRHO ACK(51)...... 5.02597D-01
   MINIMUM DENSITY ACK(23), GM/CC................ 2.53671D+03
   SOLID/MELT DENSITY AT Tm ACK(46), GM/CC....... 0.00000D+00
   LIQUID/VAPOR DENSITY AT Tm ACK(47), GM/CC..... 2.72600D+03



 LIQUID/SOLID PHASE CURVE

       T         RLIQ       RSOLID      PLIQ       PSOLID      ELIQ        ESOLID       SLIQ       SOLID        GLIQ       GSOLID        #ITER
       K        kg/m**3     kg/m**3      GPa         GPa       J/kg         J/kg        J/kg-K     J/kg-K       J/kg        J/kg

  1.5525D+03  1.9991D+03  2.5367D+03 -8.4060D+00 -8.4060D+00  4.4905D+06  2.4701D+06  3.4536D+03  2.7262D+03 -5.0756D+06 -5.0756D+06        19
  1.7560D+03  2.3282D+03  2.6320D+03 -6.5044D+00 -6.5044D+00  3.9277D+06  2.6081D+06  3.4424D+03  2.8745D+03 -4.9103D+06 -4.9103D+06        11
  1.9595D+03  2.5355D+03  2.7577D+03 -3.7357D+00 -3.7357D+00  3.8403D+06  2.7346D+06  3.4947D+03  2.9910D+03 -4.4806D+06 -4.4806D+06         7
  2.1630D+03  2.7260D+03  2.9000D+03  5.6794D-10  5.6794D-10  3.9000D+06  2.9000D+06  3.5507D+03  3.0883D+03 -3.7796D+06 -3.7796D+06         1
  2.2067D+03  2.7662D+03  2.9321D+03  9.4473D-01  9.4473D-01  3.9285D+06  2.9435D+06  3.5625D+03  3.1074D+03 -3.5910D+06 -3.5910D+06         3
  2.2513D+03  2.8071D+03  2.9651D+03  1.9666D+00  1.9666D+00  3.9629D+06  2.9914D+06  3.5746D+03  3.1264D+03 -3.3834D+06 -3.3834D+06         4
  2.2968D+03  2.8490D+03  2.9992D+03  3.0741D+00  3.0741D+00  4.0037D+06  3.0441D+06  3.5867D+03  3.1454D+03 -3.1546D+06 -3.1546D+06         4
  2.3432D+03  2.8920D+03  3.0344D+03  4.2779D+00  4.2779D+00  4.0512D+06  3.1018D+06  3.5989D+03  3.1641D+03 -2.9020D+06 -2.9020D+06         4
  2.3905D+03  2.9361D+03  3.0709D+03  5.5902D+00  5.5902D+00  4.1059D+06  3.1650D+06  3.6112D+03  3.1827D+03 -2.6223D+06 -2.6223D+06         4
  2.4388D+03  2.9810D+03  3.1088D+03  7.0222D+00  7.0222D+00  4.1684D+06  3.2343D+06  3.6238D+03  3.2010D+03 -2.3130D+06 -2.3130D+06         4
  2.4881D+03  3.0268D+03  3.1490D+03  8.5812D+00  8.5812D+00  4.2392D+06  3.3102D+06  3.6365D+03  3.2189D+03 -1.9729D+06 -1.9729D+06         4
  2.5383D+03  3.0728D+03  3.1917D+03  1.0259D+01  1.0259D+01  4.3186D+06  3.3936D+06  3.6496D+03  3.2361D+03 -1.6060D+06 -1.6060D+06         4
  2.5896D+03  3.1185D+03  3.2362D+03  1.2036D+01  1.2036D+01  4.4066D+06  3.4852D+06  3.6631D+03  3.2531D+03 -1.2193D+06 -1.2193D+06         4
  2.6419D+03  3.1651D+03  3.2820D+03  1.3900D+01  1.3900D+01  4.5036D+06  3.5852D+06  3.6768D+03  3.2700D+03 -8.1797D+05 -8.1797D+05         4
  2.6953D+03  3.2131D+03  3.3291D+03  1.5858D+01  1.5858D+01  4.6102D+06  3.6940D+06  3.6905D+03  3.2867D+03 -4.0078D+05 -4.0078D+05         4
  2.7497D+03  3.2627D+03  3.3775D+03  1.7918D+01  1.7918D+01  4.7268D+06  3.8119D+06  3.7040D+03  3.3034D+03  3.4178D+04  3.4178D+04         4
  2.8053D+03  3.3139D+03  3.4273D+03  2.0091D+01  2.0091D+01  4.8540D+06  3.9395D+06  3.7174D+03  3.3198D+03  4.8902D+05  4.8902D+05         4
  2.8620D+03  3.3668D+03  3.4786D+03  2.2390D+01  2.2390D+01  4.9922D+06  4.0770D+06  3.7306D+03  3.3362D+03  9.6604D+05  9.6604D+05         4
  2.9198D+03  3.4214D+03  3.5314D+03  2.4826D+01  2.4826D+01  5.1419D+06  4.2251D+06  3.7438D+03  3.3523D+03  1.4677D+06  1.4677D+06         4
  2.9788D+03  3.4777D+03  3.5858D+03  2.7413D+01  2.7413D+01  5.3037D+06  4.3844D+06  3.7567D+03  3.3683D+03  1.9966D+06  1.9966D+06         4
  3.0389D+03  3.5358D+03  3.6419D+03  3.0168D+01  3.0168D+01  5.4783D+06  4.5553D+06  3.7695D+03  3.3840D+03  2.5557D+06  2.5557D+06         4
  3.1003D+03  3.5959D+03  3.6998D+03  3.3107D+01  3.3107D+01  5.6663D+06  4.7387D+06  3.7821D+03  3.3995D+03  3.1479D+06  3.1479D+06         4
  3.1630D+03  3.6579D+03  3.7596D+03  3.6248D+01  3.6248D+01  5.8685D+06  4.9352D+06  3.7945D+03  3.4147D+03  3.7767D+06  3.7767D+06         4
  3.2269D+03  3.7220D+03  3.8213D+03  3.9612D+01  3.9612D+01  6.0857D+06  5.1458D+06  3.8067D+03  3.4296D+03  4.4455D+06  4.4455D+06         3
  3.2920D+03  3.7881D+03  3.8851D+03  4.3221D+01  4.3221D+01  6.3188D+06  5.3712D+06  3.8186D+03  3.4442D+03  5.1582D+06  5.1582D+06         4
  3.3586D+03  3.8565D+03  3.9511D+03  4.7101D+01  4.7101D+01  6.5688D+06  5.6125D+06  3.8302D+03  3.4585D+03  5.9189D+06  5.9189D+06         4
  3.4264D+03  3.9272D+03  4.0193D+03  5.1279D+01  5.1279D+01  6.8366D+06  5.8709D+06  3.8416D+03  3.4724D+03  6.7320D+06  6.7320D+06         5
  3.4956D+03  4.0002D+03  4.0899D+03  5.5784D+01  5.5784D+01  7.1235D+06  6.1473D+06  3.8526D+03  3.4859D+03  7.6023D+06  7.6023D+06         5
  3.5662D+03  4.0758D+03  4.1630D+03  6.0650D+01  6.0650D+01  7.4308D+06  6.4433D+06  3.8632D+03  3.4990D+03  8.5350D+06  8.5350D+06         5
  3.6383D+03  4.1540D+03  4.2387D+03  6.5914D+01  6.5914D+01  7.7598D+06  6.7602D+06  3.8735D+03  3.5116D+03  9.5355D+06  9.5355D+06         5
  3.7118D+03  4.2349D+03  4.3171D+03  7.1616D+01  7.1616D+01  8.1121D+06  7.0995D+06  3.8834D+03  3.5238D+03  1.0610D+07  1.0610D+07         5
  3.7868D+03  4.3186D+03  4.3985D+03  7.7801D+01  7.7801D+01  8.4894D+06  7.4631D+06  3.8928D+03  3.5354D+03  1.1764D+07  1.1764D+07         5
  3.8633D+03  4.4054D+03  4.4828D+03  8.4517D+01  8.4517D+01  8.8936D+06  7.8527D+06  3.9018D+03  3.5465D+03  1.3006D+07  1.3006D+07         5
  3.9413D+03  4.4953D+03  4.5704D+03  9.1819D+01  9.1819D+01  9.3265D+06  8.2704D+06  3.9102D+03  3.5571D+03  1.4342D+07  1.4342D+07         6
  4.0209D+03  4.5884D+03  4.6613D+03  9.9768D+01  9.9768D+01  9.7906D+06  8.7185D+06  3.9182D+03  3.5670D+03  1.5780D+07  1.5780D+07         6
  4.1022D+03  4.6851D+03  4.7557D+03  1.0843D+02  1.0843D+02  1.0288D+07  9.1994D+06  3.9255D+03  3.5764D+03  1.7330D+07  1.7330D+07         6
  4.1850D+03  4.7854D+03  4.8538D+03  1.1788D+02  1.1788D+02  1.0822D+07  9.7158D+06  3.9323D+03  3.5850D+03  1.8999D+07  1.8999D+07         6
  4.2696D+03  4.8895D+03  4.9558D+03  1.2820D+02  1.2820D+02  1.1395D+07  1.0271D+07  3.9384D+03  3.5929D+03  2.0800D+07  2.0800D+07         7
  4.3558D+03  4.9976D+03  5.0618D+03  1.3948D+02  1.3948D+02  1.2010D+07  1.0867D+07  3.9439D+03  3.6001D+03  2.2741D+07  2.2741D+07         7
  4.4438D+03  5.1100D+03  5.1722D+03  1.5181D+02  1.5181D+02  1.2671D+07  1.1509D+07  3.9486D+03  3.6065D+03  2.4835D+07  2.4835D+07         7
  4.5336D+03  5.2268D+03  5.2872D+03  1.6532D+02  1.6532D+02  1.3382D+07  1.2200D+07  3.9525D+03  3.6121D+03  2.7094D+07  2.7094D+07         7
  4.6252D+03  5.3484D+03  5.4069D+03  1.8013D+02  1.8013D+02  1.4148D+07  1.2944D+07  3.9557D+03  3.6168D+03  2.9532D+07  2.9532D+07         8
  4.7186D+03  5.4750D+03  5.5317D+03  1.9638D+02  1.9638D+02  1.4971D+07  1.3747D+07  3.9579D+03  3.6205D+03  3.2164D+07  3.2164D+07         8
  4.8140D+03  5.6069D+03  5.6618D+03  2.1421D+02  2.1421D+02  1.5859D+07  1.4613D+07  3.9593D+03  3.6233D+03  3.5006D+07  3.5006D+07         8
  4.9112D+03  5.7443D+03  5.7976D+03  2.3381D+02  2.3381D+02  1.6817D+07  1.5547D+07  3.9597D+03  3.6251D+03  3.8073D+07  3.8073D+07         9
  5.0104D+03  5.8877D+03  5.9394D+03  2.5536D+02  2.5536D+02  1.7850D+07  1.6557D+07  3.9592D+03  3.6258D+03  4.1386D+07  4.1386D+07         9
  5.1117D+03  6.0373D+03  6.0874D+03  2.7909D+02  2.7909D+02  1.8965D+07  1.7649D+07  3.9575D+03  3.6254D+03  4.4965D+07  4.4965D+07        10
  5.2149D+03  6.1936D+03  6.2422D+03  3.0523D+02  3.0523D+02  2.0171D+07  1.8830D+07  3.9547D+03  3.6238D+03  4.8830D+07  4.8830D+07        10
  5.3203D+03  6.3569D+03  6.4041D+03  3.3405D+02  3.3405D+02  2.1476D+07  2.0108D+07  3.9508D+03  3.6210D+03  5.3007D+07  5.3007D+07        10
  5.4278D+03  6.5278D+03  6.5736D+03  3.6586D+02  3.6586D+02  2.2888D+07  2.1494D+07  3.9456D+03  3.6168D+03  5.7519D+07  5.7519D+07        11
  5.5374D+03  6.7066D+03  6.7511D+03  4.0100D+02  4.0100D+02  2.4417D+07  2.2996D+07  3.9392D+03  3.6113D+03  6.2397D+07  6.2397D+07        11
  5.6493D+03  6.8939D+03  6.9371D+03  4.3984D+02  4.3984D+02  2.6075D+07  2.4626D+07  3.9313D+03  3.6044D+03  6.7669D+07  6.7669D+07        12
  5.7634D+03  7.0903D+03  7.1323D+03  4.8283D+02  4.8283D+02  2.7874D+07  2.6396D+07  3.9220D+03  3.5960D+03  7.3369D+07  7.3369D+07        12
  5.8798D+03  7.2963D+03  7.3371D+03  5.3045D+02  5.3045D+02  2.9827D+07  2.8319D+07  3.9113D+03  3.5860D+03  7.9533D+07  7.9533D+07        13
  5.9986D+03  7.5126D+03  7.5523D+03  5.8326D+02  5.8326D+02  3.1949D+07  3.0411D+07  3.8989D+03  3.5743D+03  8.6200D+07  8.6200D+07        14
  6.1198D+03  7.7399D+03  7.7786D+03  6.4187D+02  6.4187D+02  3.4257D+07  3.2687D+07  3.8849D+03  3.5610D+03  9.3414D+07  9.3414D+07        14
  6.2434D+03  7.9790D+03  8.0166D+03  7.0700D+02  7.0700D+02  3.6769D+07  3.5166D+07  3.8691D+03  3.5458D+03  1.0122D+08  1.0122D+08        15
  6.3696D+03  8.2308D+03  8.2674D+03  7.7944D+02  7.7944D+02  3.9504D+07  3.7868D+07  3.8515D+03  3.5287D+03  1.0967D+08  1.0967D+08        16
  6.4982D+03  8.4961D+03  8.5318D+03  8.6012D+02  8.6012D+02  4.2486D+07  4.0814D+07  3.8320D+03  3.5096D+03  1.1882D+08  1.1882D+08        16
  6.6295D+03  8.7759D+03  8.8107D+03  9.5007D+02  9.5007D+02  4.5739D+07  4.4031D+07  3.8105D+03  3.4885D+03  1.2874D+08  1.2874D+08        17
  6.7635D+03  9.0714D+03  9.1053D+03  1.0505D+03  1.0505D+03  4.9290D+07  4.7545D+07  3.7869D+03  3.4651D+03  1.3948D+08  1.3948D+08        18
  6.9001D+03  9.3838D+03  9.4168D+03  1.1627D+03  1.1627D+03  5.3170D+07  5.1387D+07  3.7611D+03  3.4395D+03  1.5113D+08  1.5113D+08        19
  7.0395D+03  9.7144D+03  9.7466D+03  1.2884D+03  1.2884D+03  5.7414D+07  5.5590D+07  3.7329D+03  3.4115D+03  1.6377D+08  1.6377D+08        19
  7.1817D+03  1.0065D+04  1.0096D+04  1.4292D+03  1.4292D+03  6.2059D+07  6.0193D+07  3.7024D+03  3.3810D+03  1.7748D+08  1.7748D+08        20
  7.3268D+03  1.0436D+04  1.0467D+04  1.5874D+03  1.5874D+03  6.7147D+07  6.5238D+07  3.6693D+03  3.3479D+03  1.9237D+08  1.9237D+08        21
  7.4748D+03  1.0830D+04  1.0860D+04  1.7652D+03  1.7652D+03  7.2726D+07  7.0773D+07  3.6336D+03  3.3120D+03  2.0855D+08  2.0855D+08        22
  7.6258D+03  1.1250D+04  1.1279D+04  1.9654D+03  1.9654D+03  7.8849D+07  7.6850D+07  3.5950D+03  3.2733D+03  2.2614D+08  2.2614D+08        23
  7.7799D+03  1.1697D+04  1.1725D+04  2.1913D+03  2.1913D+03  8.5576D+07  8.3528D+07  3.5536D+03  3.2315D+03  2.4528D+08  2.4528D+08        24
  7.9370D+03  1.2173D+04  1.2201D+04  2.4466D+03  2.4466D+03  9.2973D+07  9.0875D+07  3.5090D+03  3.1866D+03  2.6611D+08  2.6611D+08        25
  8.0974D+03  1.2681D+04  1.2709D+04  2.7357D+03  2.7357D+03  1.0112D+08  9.8966D+07  3.4613D+03  3.1383D+03  2.8882D+08  2.8882D+08        27
  8.2610D+03  1.3225D+04  1.3252D+04  3.0638D+03  3.0638D+03  1.1009D+08  1.0789D+08  3.4102D+03  3.0866D+03  3.1359D+08  3.1359D+08        28
  8.4278D+03  1.3808D+04  1.3834D+04  3.4369D+03  3.4369D+03  1.1999D+08  1.1773D+08  3.3556D+03  3.0312D+03  3.4062D+08  3.4062D+08        29
  8.5981D+03  1.4433D+04  1.4459D+04  3.8621D+03  3.8621D+03  1.3093D+08  1.2861D+08  3.2973D+03  2.9721D+03  3.7017D+08  3.7017D+08        31
  8.7718D+03  1.5105D+04  1.5130D+04  4.3479D+03  4.3479D+03  1.4302D+08  1.4064D+08  3.2352D+03  2.9089D+03  4.0249D+08  4.0249D+08        32
  8.9490D+03  1.5829D+04  1.5853D+04  4.9044D+03  4.9044D+03  1.5642D+08  1.5397D+08  3.1689D+03  2.8416D+03  4.3790D+08  4.3790D+08        33
  9.1298D+03  1.6610D+04  1.6634D+04  5.5434D+03  5.5434D+03  1.7127D+08  1.6876D+08  3.0985D+03  2.7698D+03  4.7673D+08  4.7673D+08        35
  9.3142D+03  1.7454D+04  1.7478D+04  6.2795D+03  6.2795D+03  1.8778D+08  1.8519D+08  3.0235D+03  2.6935D+03  5.1939D+08  5.1939D+08        37
  9.5024D+03  1.8369D+04  1.8393D+04  7.1299D+03  7.1299D+03  2.0613D+08  2.0347D+08  2.9440D+03  2.6123D+03  5.6630D+08  5.6630D+08        38
  9.6944D+03  1.9364D+04  1.9386D+04  8.1156D+03  8.1156D+03  2.2659D+08  2.2385D+08  2.8595D+03  2.5262D+03  6.1799D+08  6.1799D+08        40
  9.8902D+03  2.0446D+04  2.0469D+04  9.2620D+03  9.2620D+03  2.4943D+08  2.4661D+08  2.7700D+03  2.4347D+03  6.7503D+08  6.7503D+08        42
  1.0090D+04  2.1629D+04  2.1651D+04  1.0601D+04  1.0601D+04  2.7498D+08  2.7208D+08  2.6752D+03  2.3377D+03  7.3811D+08  7.3811D+08        44
  1.0294D+04  2.2923D+04  2.2945D+04  1.2170D+04  1.2170D+04  3.0363D+08  3.0063D+08  2.5749D+03  2.2351D+03  8.0801D+08  8.0801D+08        46
  1.0502D+04  2.4345D+04  2.4367D+04  1.4017D+04  1.4017D+04  3.3581D+08  3.3272D+08  2.4688D+03  2.1264D+03  8.8563D+08  8.8563D+08        48
  1.0714D+04  2.5912D+04  2.5933D+04  1.6201D+04  1.6201D+04  3.7207D+08  3.6888D+08  2.3569D+03  2.0117D+03  9.7206D+08  9.7206D+08        50
  1.0930D+04  2.7645D+04  2.7666D+04  1.8798D+04  1.8798D+04  4.1303D+08  4.0973D+08  2.2390D+03  1.8907D+03  1.0685D+09  1.0685D+09        52
  1.1151D+04  2.9569D+04  2.9589D+04  2.1902D+04  2.1902D+04  4.5943D+08  4.5601D+08  2.1149D+03  1.7632D+03  1.1766D+09  1.1766D+09        55
  1.1377D+04  3.1714D+04  3.1734D+04  2.5634D+04  2.5634D+04  5.1217D+08  5.0863D+08  1.9849D+03  1.6294D+03  1.2979D+09  1.2979D+09        57
  1.1606D+04  3.4115D+04  3.4135D+04  3.0151D+04  3.0151D+04  5.7233D+08  5.6866D+08  1.8490D+03  1.4894D+03  1.4347D+09  1.4347D+09        60
  1.1841D+04  3.6818D+04  3.6837D+04  3.5657D+04  3.5657D+04  6.4124D+08  6.3744D+08  1.7076D+03  1.3436D+03  1.5895D+09  1.5895D+09        63
  1.2080D+04  3.9876D+04  3.9895D+04  4.2423D+04  4.2423D+04  7.2053D+08  7.1657D+08  1.5615D+03  1.1926D+03  1.7655D+09  1.7655D+09        66
  1.2324D+04  4.3357D+04  4.3376D+04  5.0809D+04  5.0809D+04  8.1221D+08  8.0810D+08  1.4120D+03  1.0376D+03  1.9667D+09  1.9667D+09        69
  1.2573D+04  4.7347D+04  4.7365D+04  6.1307D+04  6.1307D+04  9.1883D+08  9.1454D+08  1.2609D+03  8.8040D+02  2.1978D+09  2.1978D+09        73
  1.2827D+04  5.1954D+04  5.1972D+04  7.4597D+04  7.4597D+04  1.0436D+09  1.0392D+09  1.1110D+03  7.2378D+02  2.4652D+09  2.4652D+09        77
  1.3086D+04  5.7320D+04  5.7338D+04  9.1633D+04  9.1633D+04  1.1908D+09  1.1861D+09  9.6616D+02  5.7147D+02  2.7767D+09  2.7767D+09        81
  1.3351D+04  6.3633D+04  6.3650D+04  1.1379D+05  1.1379D+05  1.3658D+09  1.3609D+09  8.3152D+02  4.2846D+02  3.1429D+09  3.1429D+09        85
  1.3620D+04  7.1143D+04  7.1160D+04  1.4309D+05  1.4309D+05  1.5759D+09  1.5708D+09  7.1320D+02  3.0069D+02  3.5775D+09  3.5775D+09        90
  1.3895D+04  8.0200D+04  8.0217D+04  1.8260D+05  1.8260D+05  1.8312D+09  1.8258D+09  6.1744D+02  1.9419D+02  4.0994D+09  4.0994D+09        95
  1.4176D+04  9.1298D+04  9.1314D+04  2.3711D+05  2.3711D+05  2.1457D+09  2.1400D+09  5.4895D+02  1.1338D+02  4.7350D+09  4.7350D+09       100
  1.4462D+04  1.0517D+05  1.0518D+05  3.1444D+05  3.1444D+05  2.5397D+09  2.5336D+09  5.0882D+02  5.8940D+01  5.5222D+09  5.5222D+09       106
  1.4755D+04  1.2294D+05  1.2295D+05  4.2803D+05  4.2803D+05  3.0438D+09  3.0373D+09  4.9372D+02  2.6995D+01  6.5181D+09  6.5181D+09       113
  1.5053D+04  1.4645D+05  1.4647D+05  6.0257D+05  6.0257D+05  3.7073D+09  3.7003D+09  4.9771D+02  1.0729D+01  7.8141D+09  7.8141D+09       121
  1.5357D+04  1.7900D+05  1.7901D+05  8.8787D+05  8.8787D+05  4.6157D+09  4.6082D+09  5.1563D+02  3.5793D+00  9.5680D+09  9.5680D+09       131
  1.5667D+04  2.2715D+05  2.2717D+05  1.3989D+06  1.3989D+06  5.9362D+09  5.9280D+09  5.4552D+02  1.0115D+00  1.2086D+10  1.2086D+10       142


   ZERO-TEMPERATURE ISOTHERM

        RHO          P         DPDR          E          ETA       GAMMA      T(PSI=1)     THETA       GIBBS
      kg/m**3       GPa	    (m/sec)**2     J/kg                                K           K          J/kg

    2.9000D+04  2.0442D+04  1.6242D+09  4.3085D+08  1.0000D+01  1.5600D+00  1.3975D+08 -1.4676D+04  1.1358D+09
    2.6448D+04  1.6505D+04  1.4614D+09  3.6971D+08  9.1201D+00  1.5356D+00  1.0836D+08 -1.2726D+04  9.9376D+08
    2.4121D+04  1.3278D+04  1.3115D+09  3.1567D+08  8.3176D+00  1.5092D+00  8.4408D+07 -1.1061D+04  8.6616D+08
    2.1999D+04  1.0641D+04  1.1738D+09  2.6810D+08  7.5858D+00  1.4807D+00  6.6086D+07 -9.6381D+03  7.5180D+08
    2.0063D+04  8.4909D+03  1.0474D+09  2.2638D+08  6.9183D+00  1.4501D+00  5.2023D+07 -8.4211D+03  6.4959D+08
    1.8298D+04  6.7440D+03  9.3156D+08  1.8996D+08  6.3096D+00  1.4171D+00  4.1194D+07 -7.3793D+03  5.5853D+08
    1.6688D+04  5.3295D+03  8.2553D+08  1.5832D+08  5.7544D+00  1.3818D+00  3.2824D+07 -6.4868D+03  4.7769D+08
    1.5219D+04  4.1885D+03  7.2865D+08  1.3098D+08  5.2481D+00  1.3441D+00  2.6331D+07 -5.7214D+03  4.0618D+08
    1.3880D+04  3.2719D+03  6.4032D+08  1.0748D+08  4.7863D+00  1.3040D+00  2.1274D+07 -5.0644D+03  3.4320D+08
    1.2659D+04  2.5389D+03  5.5996D+08  8.7422D+07  4.3652D+00  1.2614D+00  1.7321D+07 -4.5000D+03  2.8799D+08
    1.1545D+04  1.9559D+03  4.8703D+08  7.0413D+07  3.9811D+00  1.2164D+00  1.4216D+07 -4.0147D+03  2.3983D+08
    1.0529D+04  1.4947D+03  4.2105D+08  5.6101D+07  3.6308D+00  1.1691D+00  1.1767D+07 -3.5970D+03  1.9806D+08
    9.6028D+03  1.1322D+03  3.6156D+08  4.4159D+07  3.3113D+00  1.1197D+00  9.8273D+06 -3.2371D+03  1.6207D+08
    8.7579D+03  8.4937D+02  3.0816D+08  3.4286D+07  3.0200D+00  1.0686D+00  8.2838D+06 -2.9267D+03  1.3127D+08
    7.9873D+03  6.3036D+02  2.6046D+08  2.6206D+07  2.7542D+00  1.0160D+00  7.0497D+06 -2.6588D+03  1.0513D+08
    7.2845D+03  4.6227D+02  2.1810D+08  1.9668D+07  2.5119D+00  9.6275D-01  6.0583D+06 -2.4272D+03  8.3128D+07
    6.6435D+03  3.3452D+02  1.8078D+08  1.4444D+07  2.2909D+00  9.0950D-01  5.2577D+06 -2.2267D+03  6.4796D+07
    6.0590D+03  2.3844D+02  1.4821D+08  1.0328D+07  2.0893D+00  8.5732D-01  4.6075D+06 -2.0527D+03  4.9681D+07
    5.5258D+03  1.6699D+02  1.2012D+08  7.1375D+06  1.9055D+00  8.0759D-01  4.0759D+06 -1.9013D+03  3.7358D+07
    5.0396D+03  1.1446D+02  9.6286D+07  4.7114D+06  1.7378D+00  7.6204D-01  3.6376D+06 -1.7688D+03  2.7424D+07
    4.5962D+03  7.6232D+01  7.6503D+07  2.9113D+06  1.5849D+00  7.2290D-01  3.2719D+06 -1.6520D+03  1.9497D+07
    4.1918D+03  4.8589D+01  6.0589D+07  1.6214D+06  1.4454D+00  6.9298D-01  2.9619D+06 -1.5478D+03  1.3213D+07
    3.8229D+03  2.8569D+01  4.8389D+07  7.4915D+05  1.3183D+00  6.7579D-01  2.6931D+06 -1.4534D+03  8.2222D+06
    3.4866D+03  1.3818D+01  3.9769D+07  2.2610D+05  1.2023D+00  6.7571D-01  2.4527D+06 -1.3659D+03  4.1894D+06
    3.1798D+03  2.4832D+00  3.4620D+07  9.0135D+03  1.0965D+00  6.9820D-01  2.2295D+06 -1.2824D+03  7.8994D+05
    2.9000D+03 -6.0134D+00  2.4401D+07  7.4493D+04  1.0000D+00  7.5000D-01  2.0129D+06 -1.2000D+03 -1.9991D+06
    2.6448D+03 -1.0945D+01  1.4577D+07  3.6603D+05  9.1201D-01  8.0593D-01  1.7978D+06 -1.1168D+03 -3.7721D+06
    2.4121D+03 -1.3457D+01  7.2631D+06  8.1766D+05  8.3176D-01  8.3938D-01  1.5927D+06 -1.0352D+03 -4.7612D+06
    2.1999D+03 -1.4405D+01  1.8656D+06  1.3793D+06  7.5858D-01  8.5530D-01  1.4047D+06 -9.5733D+02 -5.1687D+06
    2.0063D+03 -1.4370D+01 -2.0706D+06  2.0130D+06  6.9183D-01  8.5767D-01  1.2369D+06 -8.8463D+02 -5.1496D+06
    1.8298D+03 -1.3745D+01 -4.8953D+06  2.6905D+06  6.3096D-01  8.4973D-01  1.0897D+06 -8.1768D+02 -4.8214D+06
    1.6688D+03 -1.2790D+01 -6.8765D+06  3.3907D+06  5.7544D-01  8.3409D-01  9.6214D+05 -7.5663D+02 -4.2736D+06
    1.5219D+03 -1.1676D+01 -8.2201D+06  4.0979D+06  5.2481D-01  8.1284D-01  8.5243D+05 -7.0134D+02 -3.5742D+06
    1.3880D+03 -1.0514D+01 -9.0835D+06  4.8007D+06  4.7863D-01  7.8765D-01  7.5849D+05 -6.5149D+02 -2.7742D+06
    1.2659D+03 -9.3713D+00 -9.5874D+06  5.4910D+06  4.3652D-01  7.5984D-01  6.7822D+05 -6.0667D+02 -1.9120D+06
    1.1545D+03 -8.2883D+00 -9.8241D+06  6.1628D+06  3.9811D-01  7.3046D-01  6.0966D+05 -5.6643D+02 -1.0163D+06
    1.0529D+03 -7.2870D+00 -9.8639D+06  6.8124D+06  3.6308D-01  7.0032D-01  5.5104D+05 -5.3031D+02 -1.0832D+05
    9.6028D+02 -6.3769D+00 -9.7606D+06  7.4370D+06  3.3113D-01  6.7005D-01  5.0085D+05 -4.9788D+02  7.9635D+05
    8.7578D+02 -5.5601D+00 -9.5549D+06  8.0353D+06  3.0199D-01  6.4013D-01  4.5776D+05 -4.6873D+02  1.6865D+06
    7.9872D+02 -4.8340D+00 -9.2778D+06  8.6063D+06  2.7542D-01  6.1092D-01  4.2066D+05 -4.4249D+02  2.5542D+06
    7.2845D+02 -4.1930D+00 -8.9526D+06  9.1501D+06  2.5119D-01  5.8267D-01  3.8862D+05 -4.1882D+02  3.3941D+06
    6.6435D+02 -3.6302D+00 -8.5970D+06  9.6668D+06  2.2909D-01  5.5559D-01  3.6086D+05 -3.9744D+02  4.2024D+06
    6.0589D+02 -3.1384D+00 -8.2240D+06  1.0157D+07  2.0893D-01  5.2977D-01  3.3672D+05 -3.7807D+02  4.9772D+06
    5.5258D+02 -2.7099D+00 -7.8436D+06  1.0621D+07  1.9055D-01  5.0531D-01  3.1565D+05 -3.6047D+02  5.7171D+06
    5.0396D+02 -2.3377D+00 -7.4627D+06  1.1061D+07  1.7378D-01  4.8223D-01  2.9720D+05 -3.4445D+02  6.4220D+06
    4.5962D+02 -2.0150D+00 -7.0868D+06  1.1476D+07  1.5849D-01  4.6055D-01  2.8098D+05 -3.2982D+02  7.0920D+06
    4.1918D+02 -1.7357D+00 -6.7193D+06  1.1868D+07  1.4454D-01  4.4025D-01  2.6668D+05 -3.1642D+02  7.7277D+06
    3.8229D+02 -1.4944D+00 -6.3630D+06  1.2239D+07  1.3183D-01  4.2129D-01  2.5402D+05 -3.0411D+02  8.3301D+06
    3.4866D+02 -1.2861D+00 -6.0195D+06  1.2589D+07  1.2023D-01  4.0363D-01  2.4278D+05 -2.9278D+02  8.9002D+06
    3.1798D+02 -1.1064D+00 -5.6899D+06  1.2919D+07  1.0965D-01  3.8722D-01  2.3277D+05 -2.8231D+02  9.4393D+06
    2.9000D+02 -9.5162D-01 -5.3748D+06  1.3230D+07  1.0000D-01  3.7200D-01  2.2382D+05 -2.7261D+02  9.9488D+06
    2.6448D+02 -8.1828D-01 -5.0744D+06  1.3524D+07  9.1201D-02  3.5791D-01  2.1579D+05 -2.6361D+02  1.0430D+07
    2.4121D+02 -7.0349D-01 -4.7888D+06  1.3800D+07  8.3176D-02  3.4488D-01  2.0858D+05 -2.5521D+02  1.0884D+07
    2.1999D+02 -6.0471D-01 -4.5176D+06  1.4061D+07  7.5858D-02  3.3286D-01  2.0207D+05 -2.4737D+02  1.1312D+07
    2.0063D+02 -5.1974D-01 -4.2605D+06  1.4307D+07  6.9183D-02  3.2177D-01  1.9618D+05 -2.4003D+02  1.1717D+07
    1.8298D+02 -4.4666D-01 -4.0171D+06  1.4539D+07  6.3096D-02  3.1155D-01  1.9084D+05 -2.3313D+02  1.2098D+07
    1.6688D+02 -3.8383D-01 -3.7869D+06  1.4757D+07  5.7544D-02  3.0215D-01  1.8597D+05 -2.2663D+02  1.2457D+07
    1.5219D+02 -3.2981D-01 -3.5693D+06  1.4963D+07  5.2481D-02  2.9351D-01  1.8154D+05 -2.2050D+02  1.2796D+07
    1.3880D+02 -2.8338D-01 -3.3638D+06  1.5156D+07  4.7863D-02  2.8557D-01  1.7747D+05 -2.1470D+02  1.3115D+07
    1.2659D+02 -2.4348D-01 -3.1698D+06  1.5339D+07  4.3651D-02  2.7828D-01  1.7375D+05 -2.0920D+02  1.3416D+07
    1.1545D+02 -2.0918D-01 -2.9867D+06  1.5511D+07  3.9811D-02  2.7159D-01  1.7032D+05 -2.0397D+02  1.3699D+07
    1.0529D+02 -1.7972D-01 -2.8140D+06  1.5673D+07  3.6308D-02  2.6546D-01  1.6715D+05 -1.9899D+02  1.3966D+07
    9.6028D+01 -1.5439D-01 -2.6512D+06  1.5826D+07  3.3113D-02  2.5983D-01  1.6423D+05 -1.9423D+02  1.4218D+07
    8.7578D+01 -1.3264D-01 -2.4976D+06  1.5969D+07  3.0199D-02  2.5468D-01  1.6151D+05 -1.8969D+02  1.4455D+07
    7.9872D+01 -1.1395D-01 -2.3529D+06  1.6105D+07  2.7542D-02  2.4997D-01  1.5898D+05 -1.8533D+02  1.4678D+07
    7.2845D+01 -9.7887D-02 -2.2165D+06  1.6232D+07  2.5119D-02  2.4565D-01  1.5662D+05 -1.8115D+02  1.4888D+07
    6.6435D+01 -8.4091D-02 -2.0879D+06  1.6352D+07  2.2909D-02  2.4170D-01  1.5442D+05 -1.7713D+02  1.5087D+07
    6.0589D+01 -7.2238D-02 -1.9668D+06  1.6466D+07  2.0893D-02  2.3808D-01  1.5235D+05 -1.7326D+02  1.5273D+07
    5.5258D+01 -6.2055D-02 -1.8526D+06  1.6572D+07  1.9055D-02  2.3478D-01  1.5041D+05 -1.6953D+02  1.5449D+07
    5.0396D+01 -5.3308D-02 -1.7451D+06  1.6673D+07  1.7378D-02  2.3176D-01  1.4857D+05 -1.6592D+02  1.5615D+07
    4.5962D+01 -4.5793D-02 -1.6437D+06  1.6767D+07  1.5849D-02  2.2899D-01  1.4684D+05 -1.6244D+02  1.5771D+07
    4.1918D+01 -3.9338D-02 -1.5483D+06  1.6856D+07  1.4454D-02  2.2647D-01  1.4520D+05 -1.5907D+02  1.5918D+07
    3.8229D+01 -3.3792D-02 -1.4584D+06  1.6940D+07  1.3183D-02  2.2416D-01  1.4364D+05 -1.5580D+02  1.6056D+07
    3.4866D+01 -2.9028D-02 -1.3736D+06  1.7019D+07  1.2023D-02  2.2205D-01  1.4215D+05 -1.5263D+02  1.6186D+07
    3.1798D+01 -2.4936D-02 -1.2939D+06  1.7094D+07  1.0965D-02  2.2013D-01  1.4074D+05 -1.4956D+02  1.6309D+07
    2.9000D+01 -2.1420D-02 -1.2187D+06  1.7164D+07  1.0000D-02  2.1837D-01  1.3938D+05 -1.4657D+02  1.6425D+07
    2.6448D+01 -1.8400D-02 -1.1479D+06  1.7230D+07  9.1201D-03  2.1676D-01  1.3808D+05 -1.4366D+02  1.6534D+07
    2.4121D+01 -1.5806D-02 -1.0812D+06  1.7292D+07  8.3176D-03  2.1530D-01  1.3683D+05 -1.4083D+02  1.6637D+07
    2.1999D+01 -1.3578D-02 -1.0184D+06  1.7350D+07  7.5858D-03  2.1396D-01  1.3563D+05 -1.3807D+02  1.6733D+07
    2.0063D+01 -1.1664D-02 -9.5921D+05  1.7406D+07  6.9183D-03  2.1274D-01  1.3446D+05 -1.3539D+02  1.6824D+07
    1.8298D+01 -1.0019D-02 -9.0347D+05  1.7458D+07  6.3096D-03  2.1162D-01  1.3334D+05 -1.3277D+02  1.6910D+07
    1.6688D+01 -8.6067D-03 -8.5098D+05  1.7507D+07  5.7544D-03  2.1060D-01  1.3226D+05 -1.3021D+02  1.6991D+07
    1.5219D+01 -7.3933D-03 -8.0153D+05  1.7553D+07  5.2481D-03  2.0967D-01  1.3120D+05 -1.2771D+02  1.7067D+07
    1.3880D+01 -6.3509D-03 -7.5496D+05  1.7596D+07  4.7863D-03  2.0882D-01  1.3018D+05 -1.2528D+02  1.7139D+07
    1.2659D+01 -5.4555D-03 -7.1109D+05  1.7637D+07  4.3651D-03  2.0805D-01  1.2918D+05 -1.2289D+02  1.7206D+07
    1.1545D+01 -4.6864D-03 -6.6977D+05  1.7676D+07  3.9811D-03  2.0734D-01  1.2821D+05 -1.2057D+02  1.7270D+07
    1.0529D+01 -4.0257D-03 -6.3085D+05  1.7712D+07  3.6308D-03  2.0670D-01  1.2726D+05 -1.1829D+02  1.7329D+07
    9.6028D+00 -3.4581D-03 -5.9419D+05  1.7746D+07  3.3113D-03  2.0611D-01  1.2633D+05 -1.1606D+02  1.7386D+07
    8.7578D+00 -2.9706D-03 -5.5966D+05  1.7778D+07  3.0199D-03  2.0558D-01  1.2542D+05 -1.1388D+02  1.7439D+07
    7.9872D+00 -2.5518D-03 -5.2714D+05  1.7808D+07  2.7542D-03  2.0509D-01  1.2453D+05 -1.1175D+02  1.7489D+07
    7.2844D+00 -2.1920D-03 -4.9651D+05  1.7837D+07  2.5119D-03  2.0464D-01  1.2366D+05 -1.0966D+02  1.7536D+07
    6.6435D+00 -1.8830D-03 -4.6766D+05  1.7864D+07  2.2909D-03  2.0423D-01  1.2280D+05 -1.0761D+02  1.7581D+07
    6.0589D+00 -1.6175D-03 -4.4048D+05  1.7889D+07  2.0893D-03  2.0386D-01  1.2196D+05 -1.0561D+02  1.7622D+07
    5.5258D+00 -1.3894D-03 -4.1488D+05  1.7913D+07  1.9055D-03  2.0352D-01  1.2113D+05 -1.0365D+02  1.7662D+07
    5.0396D+00 -1.1935D-03 -3.9078D+05  1.7936D+07  1.7378D-03  2.0321D-01  1.2031D+05 -1.0172D+02  1.7699D+07
    4.5962D+00 -1.0253D-03 -3.6807D+05  1.7957D+07  1.5849D-03  2.0293D-01  1.1951D+05 -9.9839D+01  1.7734D+07
    4.1918D+00 -8.8072D-04 -3.4668D+05  1.7977D+07  1.4454D-03  2.0267D-01  1.1872D+05 -9.7991D+01  1.7767D+07
    3.8229D+00 -7.5655D-04 -3.2653D+05  1.7996D+07  1.3183D-03  2.0244D-01  1.1793D+05 -9.6180D+01  1.7798D+07
    3.4866D+00 -6.4989D-04 -3.0756D+05  1.8013D+07  1.2023D-03  2.0222D-01  1.1716D+05 -9.4405D+01  1.7827D+07
    3.1798D+00 -5.5826D-04 -2.8969D+05  1.8030D+07  1.0965D-03  2.0203D-01  1.1640D+05 -9.2663D+01  1.7854D+07
    2.9000D+00 -4.7956D-04 -2.7285D+05  1.8046D+07  1.0000D-03  2.0185D-01  1.1564D+05 -9.0956D+01  1.7880D+07


   HUGONIOT

      RHO          T           P          PC           E           S           V           U       RHO/RHOO  #IT  STATE
    kg/m**3        K          GPa        GPa          J/kg      J/kg-K       km/sec      km/sec

  3.2200D+03  4.2941D+02  4.3093D+00  3.8854D+00  2.1447D+05  6.5088D+02  5.9396D+00  0.0000D+00  1.0000D+00  0  INITIAL
  3.2832D+03  4.3521D+02  6.5676D+00  6.1332D+00  2.4698D+05  6.5105D+02  6.0355D+00  1.1620D-01  1.0196D+00  3  SOLID  
  3.5232D+03  4.6423D+02  1.5791D+01  1.5291D+01  4.8309D+05  6.6952D+02  6.4366D+00  5.5396D-01  1.0942D+00  4  SOLID  
  3.7592D+03  5.2225D+02  2.6203D+01  2.5542D+01  8.9401D+05  7.5279D+02  6.8853D+00  9.8752D-01  1.1674D+00  5  SOLID  
  3.9000D+03  5.8028D+02  3.3231D+01  3.2386D+01  1.2308D+06  8.4769D+02  7.1774D+00  1.2514D+00  1.2112D+00  4  SOLID  
  4.0056D+03  6.3831D+02  3.8966D+01  3.7918D+01  1.5323D+06  9.4279D+02  7.4081D+00  1.4529D+00  1.2440D+00  4  SOLID  
  4.0921D+03  6.9634D+02  4.3990D+01  4.2725D+01  1.8128D+06  1.0354D+03  7.6044D+00  1.6206D+00  1.2708D+00  3  SOLID  
  4.2317D+03  8.1239D+02  5.2780D+01  5.1039D+01  2.3339D+06  1.2104D+03  7.9349D+00  1.8971D+00  1.3142D+00  4  SOLID  
  4.3442D+03  9.2845D+02  6.0523D+01  5.8259D+01  2.8197D+06  1.3710D+03  8.2134D+00  2.1255D+00  1.3491D+00  3  SOLID  
  4.4395D+03  1.0445D+03  6.7583D+01  6.4756D+01  3.2811D+06  1.5182D+03  8.4577D+00  2.3233D+00  1.3787D+00  3  SOLID  
  4.5227D+03  1.1606D+03  7.4147D+01  7.0724D+01  3.7235D+06  1.6536D+03  8.6774D+00  2.4994D+00  1.4046D+00  3  SOLID  
  4.6638D+03  1.3927D+03  8.6200D+01  8.1501D+01  4.5653D+06  1.8943D+03  9.0637D+00  2.8059D+00  1.4484D+00  3  SOLID  
  4.7815D+03  1.6248D+03  9.7218D+01  9.1147D+01  5.3630D+06  2.1029D+03  9.3996D+00  3.0697D+00  1.4849D+00  3  SOLID  
  4.8831D+03  1.8569D+03  1.0748D+02  9.9963D+01  6.1268D+06  2.2864D+03  9.6994D+00  3.3035D+00  1.5165D+00  3  SOLID  
  4.9728D+03  2.0890D+03  1.1717D+02  1.0813D+02  6.8633D+06  2.4498D+03  9.9720D+00  3.5149D+00  1.5443D+00  3  SOLID  
  5.0532D+03  2.3211D+03  1.2639D+02  1.1578D+02  7.5773D+06  2.5970D+03  1.0223D+01  3.7087D+00  1.5693D+00  3  SOLID  
  5.2251D+03  2.9014D+03  1.4791D+02  1.3313D+02  9.2847D+06  2.9112D+03  1.0780D+01  4.1368D+00  1.6227D+00  3  SOLID  
  5.3675D+03  3.4817D+03  1.6781D+02  1.4861D+02  1.0907D+07  3.1695D+03  1.1265D+01  4.5072D+00  1.6669D+00  3  SOLID  
  5.4899D+03  4.0620D+03  1.8654D+02  1.6271D+02  1.2468D+07  3.3887D+03  1.1699D+01  4.8374D+00  1.7049D+00  3  SOLID  
  5.5975D+03  4.6423D+03  2.0440D+02  1.7574D+02  1.3980D+07  3.5793D+03  1.2095D+01  5.1375D+00  1.7384D+00  3  SOLID  
  5.8326D+03  5.2225D+03  2.4871D+02  2.0627D+02  1.7813D+07  4.0310D+03  1.3017D+01  5.8308D+00  1.8114D+00  3  LIQUID 
  5.9031D+03  5.8028D+03  2.6339D+02  2.1600D+02  1.9108D+07  4.1709D+03  1.3305D+01  6.0474D+00  1.8333D+00  3  LIQUID 
  5.9691D+03  6.3831D+03  2.7780D+02  2.2534D+02  2.0390D+07  4.2981D+03  1.3580D+01  6.2544D+00  1.8538D+00  3  LIQUID 
  6.0310D+03  6.9634D+03  2.9199D+02  2.3432D+02  2.1659D+07  4.4147D+03  1.3845D+01  6.4530D+00  1.8730D+00  3  LIQUID 
  6.0895D+03  7.5437D+03  3.0596D+02  2.4299D+02  2.2917D+07  4.5223D+03  1.4100D+01  6.6441D+00  1.8911D+00  3  LIQUID 
  6.1448D+03  8.1239D+03  3.1975D+02  2.5136D+02  2.4165D+07  4.6223D+03  1.4346D+01  6.8285D+00  1.9083D+00  3  LIQUID 
  6.1973D+03  8.7042D+03  3.3337D+02  2.5947D+02  2.5405D+07  4.7156D+03  1.4585D+01  7.0068D+00  1.9246D+00  3  LIQUID 
  6.2473D+03  9.2845D+03  3.4684D+02  2.6733D+02  2.6637D+07  4.8032D+03  1.4816D+01  7.1797D+00  1.9402D+00  3  LIQUID 
  6.2951D+03  9.8648D+03  3.6019D+02  2.7497D+02  2.7863D+07  4.8856D+03  1.5042D+01  7.3477D+00  1.9550D+00  3  LIQUID 
  6.3409D+03  1.0445D+04  3.7341D+02  2.8240D+02  2.9082D+07  4.9634D+03  1.5261D+01  7.5112D+00  1.9692D+00  3  LIQUID 
  6.3848D+03  1.1025D+04  3.8652D+02  2.8964D+02  3.0296D+07  5.0372D+03  1.5475D+01  7.6705D+00  1.9828D+00  2  LIQUID 
  6.4270D+03  1.1606D+04  3.9954D+02  2.9670D+02  3.1506D+07  5.1073D+03  1.5684D+01  7.8260D+00  1.9959D+00  2  LIQUID 
  6.5068D+03  1.2766D+04  4.2533D+02  3.1034D+02  3.3914D+07  5.2378D+03  1.6089D+01  8.1269D+00  2.0208D+00  3  LIQUID 
  6.5814D+03  1.3927D+04  4.5083D+02  3.2340D+02  3.6311D+07  5.3574D+03  1.6478D+01  8.4158D+00  2.0439D+00  3  LIQUID 
  6.6515D+03  1.5087D+04  4.7611D+02  3.3596D+02  3.8700D+07  5.4678D+03  1.6853D+01  8.6943D+00  2.0657D+00  3  LIQUID 
  6.7176D+03  1.6248D+04  5.0120D+02  3.4806D+02  4.1084D+07  5.5703D+03  1.7216D+01  8.9636D+00  2.0862D+00  3  LIQUID 
  6.7802D+03  1.7408D+04  5.2615D+02  3.5977D+02  4.3466D+07  5.6660D+03  1.7568D+01  9.2248D+00  2.1057D+00  3  LIQUID 
  6.8966D+03  1.9730D+04  5.7571D+02  3.8211D+02  4.8229D+07  5.8406D+03  1.8245D+01  9.7263D+00  2.1418D+00  3  LIQUID 
  7.0532D+03  2.3211D+04  6.4952D+02  4.1342D+02  5.5391D+07  6.0692D+03  1.9201D+01  1.0435D+01  2.1904D+00  3  LIQUID 
  7.2783D+03  2.9014D+04  7.7194D+02  4.6093D+02  6.7424D+07  6.3880D+03  2.0677D+01  1.1529D+01  2.2603D+00  3  LIQUID 
  7.4704D+03  3.4817D+04  8.9431D+02  5.0385D+02  7.9606D+07  6.6538D+03  2.2041D+01  1.2540D+01  2.3200D+00  3  LIQUID 
  7.7853D+03  4.6423D+04  1.1398D+03  5.7900D+02  1.0439D+08  7.0862D+03  2.4523D+01  1.4380D+01  2.4178D+00  3  LIQUID 
  8.0342D+03  5.8028D+04  1.3862D+03  6.4264D+02  1.2959D+08  7.4359D+03  2.6762D+01  1.6036D+01  2.4951D+00  3  LIQUID 
  8.2359D+03  6.9634D+04  1.6329D+03  6.9701D+02  1.5505D+08  7.7331D+03  2.8818D+01  1.7551D+01  2.5577D+00  3  LIQUID 
  8.4024D+03  8.1239D+04  1.8796D+03  7.4377D+02  1.8064D+08  7.9936D+03  3.0729D+01  1.8953D+01  2.6094D+00  3  LIQUID 
  8.5419D+03  9.2845D+04  2.1260D+03  7.8427D+02  2.0631D+08  8.2265D+03  3.2521D+01  2.0261D+01  2.6528D+00  3  LIQUID 
  8.6603D+03  1.0445D+05  2.3720D+03  8.1960D+02  2.3201D+08  8.4378D+03  3.4213D+01  2.1492D+01  2.6895D+00  2  LIQUID 
  8.7619D+03  1.1606D+05  2.6175D+03  8.5063D+02  2.5771D+08  8.6315D+03  3.5820D+01  2.2656D+01  2.7211D+00  2  LIQUID 


 EOS package call numbers
        ANEOS number =      -1        ALL 
 Calls to
 ANEOS                     1141      1141
 ANEOS1                   27356     27356
 ANION2                   30256     30256
 ANEOS1 from ANEOSV         846       846
 ANELSM from ANEOSV        1141      1141
 ANELSM                    1141      1141
 ANEOS1 from ANELSM       26510     26510
 ANEOS1/ANEOSV        2.398E+01 2.398E+01
 ANION2 iter. count   1.465E+00 1.465E+00
 Calls to eos tables =         0
